<?xml version="1.0" encoding="UTF-8" ?>
<testsuite failures="0" time="0.076" errors="0" skipped="0" tests="4" name="com.me.ut.string.test.StringTest">
  <properties>
[...]
</properties>
  <testcase time="0.002" classname="com.me.ut.string.test.StringTest" name="test01"/>
  <testcase time="0.003" classname="com.me.ut.string.test.StringTest" name="test02"/>
  <testcase time="0" classname="com.me.ut.string.test.StringTest" name="test03"/>
  <testcase time="0.001" classname="com.me.ut.string.test.StringTest" name="test04"/>
</testsuite>